[master (root-commit) f90fee3] Make IRCclient
 Committer: Kush Rustagi <krustagi@moore02.cs.purdue.edu>
Your name and email address were configured automatically based
on your username and hostname. Please check that they are accurate.
You can suppress this message by setting them explicitly:

    git config --global user.name "Your Name"
    git config --global user.email you@example.com

After doing this, you may fix the identity used for this commit with:

    git commit --amend --reset-author

 17 files changed, 1029 insertions(+)
 create mode 100644 .local.git.out
 create mode 100755 IRC
 create mode 100644 IRC.cc
 create mode 100644 Makefile
 create mode 100755 TestIRCServer
 create mode 100644 TestIRCServer.c
 create mode 100755 entry
 create mode 100644 entry.c
 create mode 100755 hello
 create mode 100644 hello.c
 create mode 100755 panned
 create mode 100644 panned.c
 create mode 100755 radio
 create mode 100644 radio.c
 create mode 100644 talk-client.c
 create mode 100755 timer
 create mode 100644 timer.c
[master e54c558] Make IRCclient
 Committer: Kush Rustagi <krustagi@moore02.cs.purdue.edu>
Your name and email address were configured automatically based
on your username and hostname. Please check that they are accurate.
You can suppress this message by setting them explicitly:

    git config --global user.name "Your Name"
    git config --global user.email you@example.com

After doing this, you may fix the identity used for this commit with:

    git commit --amend --reset-author

 1 file changed, 31 insertions(+)
